빌드 시작: 2015-06-12 오전 2:46:40
     1>2 노드의 "C:\Users\세네이션\Downloads\02. 개미집(그룹)\TP\TP.vcxproj" 프로젝트(build 대상)입니다.
     1>InitializeBuildStatus:
         "Debug\TP.unsuccessfulbuild"에 연결(touching)하고 있습니다.
       ClCompile:
         모든 출력이 최신 상태입니다.
         C:\Program Files (x86)\Microsoft Visual Studio 10.0\VC\bin\CL.exe /c /ZI /nologo /W3 /WX- /Od /Oy- /D WIN32 /D _WINDOWS /D _DEBUG /D _UNICODE /D UNICODE /D _AFXDLL /Gm /EHsc /RTC1 /MDd /GS /fp:precise /Zc:wchar_t /Zc:forScope /Yu"StdAfx.h" /Fp"Debug\TP.pch" /Fo"Debug\\" /Fd"Debug\vc100.pdb" /Gd /TP /analyze- /errorReport:prompt AntMenu.cpp EatButton.cpp Food.cpp Info.cpp Princess.cpp
         Princess.cpp
         Info.cpp
         Food.cpp
         EatButton.cpp
         AntMenu.cpp
         코드를 생성하고 있습니다...
       ResourceCompile:
         모든 출력이 최신 상태입니다.
       ManifestResourceCompile:
         모든 출력이 최신 상태입니다.
       Link:
         C:\Program Files (x86)\Microsoft Visual Studio 10.0\VC\bin\link.exe /ERRORREPORT:PROMPT /OUT:"C:\Users\세네이션\Downloads\02. 개미집(그룹)\TP\Debug\TP.exe" /INCREMENTAL /NOLOGO /MANIFEST /ManifestFile:"Debug\TP.exe.intermediate.manifest" /MANIFESTUAC:"level='asInvoker' uiAccess='false'" /DEBUG /PDB:"C:\Users\세네이션\Downloads\02. 개미집(그룹)\TP\Debug\TP.pdb" /SUBSYSTEM:WINDOWS /TLBID:1 /ENTRY:"wWinMainCRTStartup" /DYNAMICBASE /NXCOMPAT /IMPLIB:"C:\Users\세네이션\Downloads\02. 개미집(그룹)\TP\Debug\TP.lib" /MACHINE:X86 Debug\TP.res
         Debug\TP.exe.embed.manifest.res
         Debug\AntMenu.obj
         Debug\EatButton.obj
         Debug\Food.obj
         Debug\Info.obj
         Debug\MainFrm.obj
         Debug\Princess.obj
         Debug\Room.obj
         Debug\StatusView.obj
         Debug\stdafx.obj
         Debug\TP.obj
         Debug\TPDoc.obj
         Debug\TPView.obj
       Manifest:
         C:\Program Files (x86)\Microsoft SDKs\Windows\v7.0A\bin\mt.exe /nologo /verbose /out:"Debug\TP.exe.embed.manifest" /manifest Debug\TP.exe.intermediate.manifest "C:\Program Files (x86)\Microsoft Visual Studio 10.0\VC\Include\Manifest\dpiaware.manifest"
         C:\Program Files (x86)\Microsoft SDKs\Windows\v7.0A\bin\rc.exe /nologo /fo"Debug\TP.exe.embed.manifest.res" Debug\TP_manifest.rc 
       LinkEmbedManifest:
         C:\Program Files (x86)\Microsoft Visual Studio 10.0\VC\bin\link.exe /ERRORREPORT:PROMPT /OUT:"C:\Users\세네이션\Downloads\02. 개미집(그룹)\TP\Debug\TP.exe" /INCREMENTAL /NOLOGO /MANIFEST /ManifestFile:"Debug\TP.exe.intermediate.manifest" /MANIFESTUAC:"level='asInvoker' uiAccess='false'" /DEBUG /PDB:"C:\Users\세네이션\Downloads\02. 개미집(그룹)\TP\Debug\TP.pdb" /SUBSYSTEM:WINDOWS /TLBID:1 /ENTRY:"wWinMainCRTStartup" /DYNAMICBASE /NXCOMPAT /IMPLIB:"C:\Users\세네이션\Downloads\02. 개미집(그룹)\TP\Debug\TP.lib" /MACHINE:X86 Debug\TP.res
         Debug\TP.exe.embed.manifest.res
         Debug\AntMenu.obj
         Debug\EatButton.obj
         Debug\Food.obj
         Debug\Info.obj
         Debug\MainFrm.obj
         Debug\Princess.obj
         Debug\Room.obj
         Debug\StatusView.obj
         Debug\stdafx.obj
         Debug\TP.obj
         Debug\TPDoc.obj
         Debug\TPView.obj
         TP.vcxproj -> C:\Users\세네이션\Downloads\02. 개미집(그룹)\TP\Debug\TP.exe
       FinalizeBuildStatus:
         "Debug\TP.unsuccessfulbuild" 파일을 삭제하고 있습니다.
         "Debug\TP.lastbuildstate"에 연결(touching)하고 있습니다.
     1>"C:\Users\세네이션\Downloads\02. 개미집(그룹)\TP\TP.vcxproj" 프로젝트를 빌드했습니다(build 대상).

빌드했습니다.

경과 시간: 00:00:01.25
